[2021-08-04 16:46:01] <cc7w@foxmail.com> /Index
[2021-08-04 16:46:37] <cc7w@foxmail.com> /Index
[2021-08-04 16:46:38] <cc7w@foxmail.com> /Index
[2021-08-04 16:46:39] <cc7w@foxmail.com> /Index
[2021-08-04 16:49:24] <cc7w@foxmail.com> /Index
[2021-08-04 16:49:46] <cc7w@foxmail.com> /Index
[2021-08-04 16:52:17] <cc7w@foxmail.com> /Index
[2021-08-04 16:52:19] <cc7w@foxmail.com> /Index
[2021-08-04 16:52:33] <cc7w@foxmail.com> /Index
[2021-08-04 16:53:07] <cc7w@foxmail.com> /Index
[2021-08-04 16:53:17] <cc7w@foxmail.com> /Index
[2021-08-04 16:53:25] <cc7w@foxmail.com> /Index
[2021-08-04 16:54:33] <cc7w@foxmail.com> /Index
[2021-08-04 16:54:43] <cc7w@foxmail.com> /Index
[2021-08-04 16:55:03] <cc7w@foxmail.com> /Index
[2021-08-04 16:55:04] <cc7w@foxmail.com> /Index
[2021-08-04 16:55:09] <cc7w@foxmail.com> /Index
[2021-08-04 16:55:13] <cc7w@foxmail.com> /Index
[2021-08-04 16:55:17] <cc7w@foxmail.com> /Index
[2021-08-04 16:55:26] <cc7w@foxmail.com> /Index
[2021-08-04 16:55:42] <cc7w@foxmail.com> /Index
[2021-08-04 16:55:43] <cc7w@foxmail.com> /Index
[2021-08-04 16:55:56] <cc7w@foxmail.com> /Index
[2021-08-04 16:57:57] <cc7w@foxmail.com> /Index
[2021-08-04 16:58:09] <cc7w@foxmail.com> /Index
[2021-08-04 16:58:15] <cc7w@foxmail.com> /Index
[2021-08-04 16:58:57] <cc7w@foxmail.com> /Index
[2021-08-04 16:59:10] <cc7w@foxmail.com> /Index
[2021-08-04 16:59:19] <cc7w@foxmail.com> /Index
[2021-08-04 16:59:21] <cc7w@foxmail.com> /Index
[2021-08-04 16:59:28] <cc7w@foxmail.com> /Index
[2021-08-04 16:59:29] <cc7w@foxmail.com> /Index
[2021-08-04 17:01:20] <cc7w@foxmail.com> /Index
[2021-08-04 17:01:20] <cc7w@foxmail.com> /Index
[2021-08-04 17:01:21] <cc7w@foxmail.com> /Index
[2021-08-04 17:01:33] <cc7w@foxmail.com> /Index
[2021-08-04 17:01:34] <cc7w@foxmail.com> /Index
[2021-08-04 17:02:13] <cc7w@foxmail.com> /Index
[2021-08-04 17:02:23] <cc7w@foxmail.com> /Index
[2021-08-04 17:02:32] <cc7w@foxmail.com> /Index
[2021-08-04 17:03:03] <cc7w@foxmail.com> /Index
[2021-08-04 17:03:23] <cc7w@foxmail.com> /Index
[2021-08-04 17:03:24] <cc7w@foxmail.com> /Index
[2021-08-04 17:03:29] <cc7w@foxmail.com> /Index
[2021-08-04 17:03:53] <cc7w@foxmail.com> /Index
[2021-08-04 17:03:54] <cc7w@foxmail.com> /Index
[2021-08-04 17:04:04] <cc7w@foxmail.com> /Index
[2021-08-04 17:04:12] <cc7w@foxmail.com> /Index
[2021-08-04 17:05:15] <cc7w@foxmail.com> /Index
[2021-08-04 17:05:16] <cc7w@foxmail.com> /Index
[2021-08-04 17:05:42] <cc7w@foxmail.com> /Index
[2021-08-04 17:05:48] <cc7w@foxmail.com> /Index
[2021-08-04 17:06:02] <cc7w@foxmail.com> /Index
[2021-08-04 17:06:32] <cc7w@foxmail.com> /Index
[2021-08-04 17:07:02] <cc7w@foxmail.com> /Index
[2021-08-04 17:07:04] <cc7w@foxmail.com> /Index
[2021-08-04 17:07:08] <cc7w@foxmail.com> /Index
[2021-08-04 17:07:13] <cc7w@foxmail.com> /Index
[2021-08-04 17:07:47] <cc7w@foxmail.com> /Logout
[2021-08-04 17:07:47] <Anonymous> /Index
[2021-08-04 17:07:50] <Anonymous> /Login
[2021-08-04 17:08:30] <Anonymous> /Login
[2021-08-04 17:08:33] <Anonymous> /Login
[2021-08-04 17:08:34] <admin@cc7w.cf> /Index
[2021-08-04 17:56:47] <admin@cc7w.cf> /Logout
[2021-08-04 17:56:48] <Anonymous> /Index
[2021-08-04 17:59:44] <Anonymous> /Index
[2021-08-04 18:00:00] <Anonymous> /Index
[2021-08-04 18:00:00] <Anonymous> /Index
[2021-08-04 18:00:01] <Anonymous> /Index
[2021-08-04 18:00:01] <Anonymous> /Index
[2021-08-04 18:00:01] <Anonymous> /Index
[2021-08-04 18:00:01] <Anonymous> /Index
[2021-08-04 18:00:01] <Anonymous> /Index
[2021-08-04 18:00:01] <Anonymous> /Index
[2021-08-04 18:00:46] <Anonymous> /Index
[2021-08-04 18:00:47] <Anonymous> /Index
[2021-08-04 18:00:47] <Anonymous> /Index
[2021-08-04 18:00:48] <Anonymous> /Index
[2021-08-04 18:02:08] <Anonymous> /Index
[2021-08-04 18:02:09] <Anonymous> /Index
[2021-08-04 18:02:35] <Anonymous> /Index
[2021-08-04 18:02:50] <Anonymous> /Login
[2021-08-04 18:02:55] <Anonymous> /Login
[2021-08-04 18:02:56] <admin@cc7w.cf> /Index
[2021-08-04 18:03:09] <admin@cc7w.cf> /Index
[2021-08-04 18:03:59] <admin@cc7w.cf> /Index
[2021-08-04 18:04:09] <admin@cc7w.cf> /Index
[2021-08-04 18:05:08] <admin@cc7w.cf> /Logout
[2021-08-04 18:05:08] <Anonymous> /Index
[2021-08-04 18:05:35] <Anonymous> /Index
[2021-08-04 18:05:39] <Anonymous> /Login
[2021-08-04 18:05:42] <Anonymous> /Login
[2021-08-04 18:05:43] <admin@cc7w.cf> /Index
[2021-08-04 18:06:01] <admin@cc7w.cf> /Index
[2021-08-04 18:06:06] <admin@cc7w.cf> /Logout
[2021-08-04 18:06:06] <Anonymous> /Index
[2021-08-04 18:06:12] <Anonymous> /Login
[2021-08-04 18:06:16] <Anonymous> /Login
[2021-08-04 18:06:17] <admin@cc7w.cf> /Index
[2021-08-04 18:06:33] <admin@cc7w.cf> /Index
[2021-08-04 18:06:34] <admin@cc7w.cf> /Index
[2021-08-04 18:06:35] <admin@cc7w.cf> /Logout
[2021-08-04 18:06:35] <Anonymous> /Index
[2021-08-04 18:08:09] <Anonymous> /Index
[2021-08-04 18:08:09] <Anonymous> /Index
[2021-08-04 18:08:10] <Anonymous> /Index
[2021-08-04 18:08:10] <Anonymous> /Index
[2021-08-04 18:11:02] <Anonymous> /Index
[2021-08-04 18:11:03] <Anonymous> /Index
[2021-08-04 18:11:03] <Anonymous> /Index
[2021-08-04 18:11:04] <Anonymous> /Index
[2021-08-04 18:11:14] <Anonymous> /Index
[2021-08-04 18:11:31] <Anonymous> /Index
[2021-08-04 18:11:32] <Anonymous> /Index
[2021-08-04 18:11:33] <Anonymous> /Login
[2021-08-04 18:11:36] <Anonymous> /Login
[2021-08-04 18:11:37] <admin@cc7w.cf> /Index
[2021-08-04 18:12:04] <admin@cc7w.cf> /Index
[2021-08-04 18:12:05] <admin@cc7w.cf> /Index
[2021-08-04 18:12:13] <admin@cc7w.cf> /Index
[2021-08-04 18:12:14] <admin@cc7w.cf> /Index
[2021-08-04 18:12:17] <admin@cc7w.cf> /Logout
[2021-08-04 18:12:18] <Anonymous> /Index
[2021-08-04 18:12:19] <Anonymous> /Login
[2021-08-04 18:12:24] <Anonymous> /Login
[2021-08-04 18:12:25] <admin@cc7w.cf> /Index
[2021-08-04 18:13:35] <admin@cc7w.cf> /Index
[2021-08-04 18:13:51] <admin@cc7w.cf> /Index
[2021-08-04 18:14:38] <admin@cc7w.cf> /Index
[2021-08-04 18:15:41] <admin@cc7w.cf> /Index
[2021-08-04 18:15:53] <admin@cc7w.cf> /Index
[2021-08-04 18:16:02] <admin@cc7w.cf> /Index
[2021-08-04 18:16:12] <admin@cc7w.cf> /Index
[2021-08-04 18:16:20] <admin@cc7w.cf> /Logout
[2021-08-04 18:16:20] <Anonymous> /Index
[2021-08-04 18:16:35] <Anonymous> /Index
[2021-08-04 18:16:43] <Anonymous> /Index
[2021-08-04 18:16:45] <Anonymous> /Login
[2021-08-04 18:16:48] <Anonymous> /Login
[2021-08-04 18:16:49] <admin@cc7w.cf> /Index
[2021-08-04 18:17:22] <admin@cc7w.cf> /Index
[2021-08-04 18:17:23] <admin@cc7w.cf> /Index
[2021-08-04 18:17:46] <admin@cc7w.cf> /Index
[2021-08-04 18:17:55] <admin@cc7w.cf> /Index
[2021-08-04 18:19:19] <admin@cc7w.cf> /Index
[2021-08-04 18:19:28] <admin@cc7w.cf> /Index
[2021-08-04 18:19:35] <admin@cc7w.cf> /Index
[2021-08-04 18:19:43] <admin@cc7w.cf> /Index
[2021-08-04 18:20:23] <admin@cc7w.cf> /Index
[2021-08-04 18:20:24] <admin@cc7w.cf> /Index
[2021-08-04 18:20:42] <admin@cc7w.cf> /Index
[2021-08-04 18:20:43] <admin@cc7w.cf> /Index
[2021-08-04 18:20:53] <admin@cc7w.cf> /Index
[2021-08-04 18:20:54] <admin@cc7w.cf> /Index
[2021-08-04 18:21:05] <admin@cc7w.cf> /Index
[2021-08-04 18:21:10] <admin@cc7w.cf> /Logout
[2021-08-04 18:21:10] <Anonymous> /Index
[2021-08-04 18:21:12] <Anonymous> /Login
[2021-08-04 18:21:14] <Anonymous> /Login
[2021-08-04 18:21:16] <admin@cc7w.cf> /Index
[2021-08-04 18:21:29] <admin@cc7w.cf> /Index
[2021-08-04 18:21:35] <admin@cc7w.cf> /Index
[2021-08-04 18:21:36] <admin@cc7w.cf> /Index
[2021-08-04 18:21:49] <admin@cc7w.cf> /Index
[2021-08-04 18:22:58] <admin@cc7w.cf> /Index
[2021-08-04 18:23:52] <admin@cc7w.cf> /Index
[2021-08-04 18:23:54] <admin@cc7w.cf> /Index
[2021-08-04 18:24:00] <admin@cc7w.cf> /Index
[2021-08-04 18:24:11] <admin@cc7w.cf> /Index
[2021-08-04 18:24:33] <admin@cc7w.cf> /Logout
[2021-08-04 18:24:33] <Anonymous> /Index
[2021-08-04 18:24:37] <Anonymous> /Index
[2021-08-04 18:24:38] <Anonymous> /Index
[2021-08-04 18:24:38] <Anonymous> /Index
[2021-08-04 18:24:39] <Anonymous> /Index
[2021-08-04 18:24:50] <Anonymous> /Index
[2021-08-04 18:24:51] <Anonymous> /Index
[2021-08-04 18:24:52] <Anonymous> /Index
[2021-08-04 18:25:12] <Anonymous> /Index
[2021-08-04 18:25:30] <Anonymous> /Index
[2021-08-04 18:25:31] <Anonymous> /Index
[2021-08-04 18:26:33] <Anonymous> /Index
[2021-08-04 18:26:34] <Anonymous> /Index
[2021-08-04 18:26:34] <Anonymous> /Index
[2021-08-04 18:28:48] <Anonymous> /Index
[2021-08-04 18:29:03] <Anonymous> /Index
[2021-08-04 18:29:09] <Anonymous> /Login
[2021-08-04 18:29:13] <Anonymous> /Login
[2021-08-04 18:29:14] <admin@cc7w.cf> /Index
[2021-08-04 18:32:49] <admin@cc7w.cf> /Index
[2021-08-04 18:33:06] <admin@cc7w.cf> /Index
[2021-08-04 18:33:13] <admin@cc7w.cf> /Search Q(123) Fuzzy(disabled) Page(1)
[2021-08-04 18:33:15] <admin@cc7w.cf> /News Id(248) Highlight(123)
[2021-08-04 18:33:26] <admin@cc7w.cf> /News Id(248) Highlight(123)
[2021-08-04 18:33:32] <admin@cc7w.cf> /News Id(248) Highlight(123)
[2021-08-04 18:33:37] <admin@cc7w.cf> /News Id(248) Highlight(123)
[2021-08-04 18:33:41] <admin@cc7w.cf> /News Id(248) Highlight(123)
[2021-08-04 18:33:45] <admin@cc7w.cf> /News Id(248) Highlight(123)
[2021-08-04 18:34:05] <admin@cc7w.cf> /News Id(248) Highlight(123)
[2021-08-04 18:34:22] <admin@cc7w.cf> /News Id(248) Highlight(123)
[2021-08-04 18:35:48] <admin@cc7w.cf> /News Id(248) Highlight(123)
[2021-08-04 18:35:56] <admin@cc7w.cf> /News Id(248) Highlight(123)
[2021-08-04 18:36:16] <admin@cc7w.cf> /News Id(0) Highlight()
[2021-08-04 18:36:19] <admin@cc7w.cf> /Index
[2021-08-04 20:30:13] <admin@cc7w.cf> /Index
[2021-08-04 20:30:25] <admin@cc7w.cf> /Index
[2021-08-04 20:30:48] <admin@cc7w.cf> /Index
[2021-08-04 20:31:33] <admin@cc7w.cf> /Index
[2021-08-04 20:31:38] <admin@cc7w.cf> /Index
[2021-08-04 20:35:43] <admin@cc7w.cf> /Index
[2021-08-04 20:35:47] <admin@cc7w.cf> /Index
[2021-08-04 20:35:50] <admin@cc7w.cf> /Search Q(123) Fuzzy(disabled) Page(1)
[2021-08-04 20:35:52] <admin@cc7w.cf> /News Id(580) Highlight(123)
[2021-08-04 20:35:57] <admin@cc7w.cf> /Search Q(123) Fuzzy(disabled) Page(1)
[2021-08-04 20:35:59] <admin@cc7w.cf> /Search Q(123) Fuzzy(enabled) Page(1)
[2021-08-04 20:36:02] <admin@cc7w.cf> /Index
