[2021-08-05 13:16:08] <admin@cc7w.cf> /Index
[2021-08-05 13:17:14] <admin@cc7w.cf> /Index
[2021-08-05 13:17:22] <admin@cc7w.cf> /Index
[2021-08-05 13:17:28] <admin@cc7w.cf> /Search Q(123) Fuzzy(disabled) Page(1)
[2021-08-05 13:17:30] <admin@cc7w.cf> /News Id(248) Highlight(123)
[2021-08-05 13:17:37] <admin@cc7w.cf> /Search Q(123) Fuzzy(enabled) Page(1)
[2021-08-05 13:18:15] <admin@cc7w.cf> /Index
[2021-08-05 13:18:33] <admin@cc7w.cf> /Index
[2021-08-05 13:19:39] <admin@cc7w.cf> /Index
[2021-08-05 13:19:39] <admin@cc7w.cf> /Index
[2021-08-05 13:19:53] <Anonymous> /Index
[2021-08-05 13:20:23] <Anonymous> /Index
[2021-08-05 13:20:37] <Anonymous> /Index
[2021-08-05 13:21:19] <Anonymous> /Index
[2021-08-05 13:21:20] <Anonymous> /Index
[2021-08-05 13:21:21] <Anonymous> /Index
[2021-08-05 13:21:22] <Anonymous> /Index
[2021-08-05 13:21:24] <Anonymous> /Index
[2021-08-05 13:21:34] <Anonymous> /Index
[2021-08-05 13:22:14] <Anonymous> /Index
[2021-08-05 13:24:00] <admin@cc7w.cf> /Index
[2021-08-05 13:24:16] <admin@cc7w.cf> /Index
[2021-08-05 13:24:25] <admin@cc7w.cf> /Index
[2021-08-05 13:30:25] <Anonymous> /Index
[2021-08-05 13:30:38] <Anonymous> /Login
[2021-08-05 13:30:49] <Anonymous> /Login
[2021-08-05 13:30:57] <Anonymous> /Login
[2021-08-05 13:30:57] <admin@cc7w.cf> /Index
[2021-08-05 13:31:00] <admin@cc7w.cf> /Search Q(123) Fuzzy(disabled) Page(1)
[2021-08-05 13:31:02] <admin@cc7w.cf> /News Id(580) Highlight(123)
[2021-08-05 16:49:11] <admin@cc7w.cf> /Index
[2021-08-05 16:49:30] <admin@cc7w.cf> /Logout
[2021-08-05 16:49:30] <Anonymous> /Index
