[2021-08-03 17:49:05] <admin@cc7w.cf> /Index
[2021-08-03 17:49:09] <admin@cc7w.cf> /Search Q(123) Fuzzy(disabled) Page(1)
[2021-08-03 17:49:17] <admin@cc7w.cf> /Search Q(123) Fuzzy(enabled) Page(1)
[2021-08-03 17:49:28] <admin@cc7w.cf> /Logout
[2021-08-03 17:49:28] <Anonymous> /Index
[2021-08-03 17:49:33] <Anonymous> /Signup
[2021-08-03 17:49:37] <Anonymous> /Signup
[2021-08-03 17:49:48] <Anonymous> /Signup
[2021-08-03 17:49:52] <Anonymous> /Login
[2021-08-03 17:49:55] <Anonymous> /Login
[2021-08-03 17:49:56] <cc7w@foxmail.com> /Index
[2021-08-03 17:50:01] <cc7w@foxmail.com> /Search Q(123) Fuzzy(disabled) Page(1)
[2021-08-03 17:50:07] <cc7w@foxmail.com> /Search Q(5666) Fuzzy(disabled) Page(1)
[2021-08-03 17:50:08] <cc7w@foxmail.com> /Search Q(5666) Fuzzy(enabled) Page(1)
[2021-08-03 17:50:56] <cc7w@foxmail.com> /Search Q(5666) Fuzzy(enabled) Page(1)
[2021-08-03 17:51:22] <cc7w@foxmail.com> /Search Q(56) Fuzzy(enabled) Page(1)
[2021-08-03 19:04:59] <cc7w@foxmail.com> /Index
[2021-08-03 19:09:51] <cc7w@foxmail.com> /Index
[2021-08-03 19:10:07] <cc7w@foxmail.com> /Index
[2021-08-03 19:10:09] <cc7w@foxmail.com> /Index
[2021-08-03 19:10:21] <cc7w@foxmail.com> /Index
[2021-08-03 19:10:43] <cc7w@foxmail.com> /Index
[2021-08-03 19:10:47] <cc7w@foxmail.com> /Index
[2021-08-03 19:31:53] <cc7w@foxmail.com> /Search Q(56) Fuzzy(enabled) Page(1)
[2021-08-03 19:37:23] <cc7w@foxmail.com> /Index
[2021-08-03 19:39:18] <cc7w@foxmail.com> /Index
[2021-08-03 19:39:36] <cc7w@foxmail.com> /Index
[2021-08-03 19:39:41] <cc7w@foxmail.com> /Index
[2021-08-03 19:40:30] <cc7w@foxmail.com> /Index
[2021-08-03 19:45:37] <cc7w@foxmail.com> /Index
[2021-08-03 19:46:22] <cc7w@foxmail.com> /Index
[2021-08-03 19:46:41] <cc7w@foxmail.com> /Index
[2021-08-03 19:46:43] <cc7w@foxmail.com> /Index
[2021-08-03 19:46:45] <cc7w@foxmail.com> /Index
[2021-08-03 19:47:04] <cc7w@foxmail.com> /Index
[2021-08-03 19:47:34] <cc7w@foxmail.com> /Index
[2021-08-03 19:47:46] <cc7w@foxmail.com> /Index
[2021-08-03 19:48:05] <cc7w@foxmail.com> /Index
[2021-08-03 19:48:22] <cc7w@foxmail.com> /Index
[2021-08-03 20:00:25] <cc7w@foxmail.com> /Index
[2021-08-03 20:00:26] <cc7w@foxmail.com> /Index
[2021-08-03 20:02:39] <cc7w@foxmail.com> /Index
[2021-08-03 20:04:14] <cc7w@foxmail.com> /Index
[2021-08-03 20:04:30] <cc7w@foxmail.com> /Index
[2021-08-03 20:07:31] <cc7w@foxmail.com> /Index
[2021-08-03 20:07:41] <cc7w@foxmail.com> /Index
[2021-08-03 20:07:59] <cc7w@foxmail.com> /Index
[2021-08-03 20:08:07] <cc7w@foxmail.com> /Index
[2021-08-03 20:10:40] <cc7w@foxmail.com> /Index
[2021-08-03 20:10:51] <cc7w@foxmail.com> /Index
[2021-08-03 20:12:04] <cc7w@foxmail.com> /Index
[2021-08-03 20:13:09] <cc7w@foxmail.com> /Index
[2021-08-03 20:14:39] <cc7w@foxmail.com> /Index
[2021-08-03 20:23:41] <cc7w@foxmail.com> /Index
[2021-08-03 20:23:41] <cc7w@foxmail.com> /Index
[2021-08-03 20:34:39] <cc7w@foxmail.com> /Index
[2021-08-03 20:35:10] <cc7w@foxmail.com> /Index
[2021-08-03 20:36:31] <cc7w@foxmail.com> /Index
[2021-08-03 20:36:35] <cc7w@foxmail.com> /Index
[2021-08-03 20:39:10] <cc7w@foxmail.com> /Index
[2021-08-03 20:44:28] <cc7w@foxmail.com> /Index
[2021-08-03 20:44:29] <cc7w@foxmail.com> /Index
[2021-08-03 20:44:40] <cc7w@foxmail.com> /Index
[2021-08-03 20:44:41] <cc7w@foxmail.com> /Index
[2021-08-03 20:44:42] <cc7w@foxmail.com> /Index
[2021-08-03 20:44:50] <cc7w@foxmail.com> /Index
[2021-08-03 20:45:24] <cc7w@foxmail.com> /Index
[2021-08-03 20:45:27] <cc7w@foxmail.com> /Index
[2021-08-03 20:45:29] <cc7w@foxmail.com> /Index
[2021-08-03 20:47:01] <cc7w@foxmail.com> /Index
[2021-08-03 20:47:03] <cc7w@foxmail.com> /Index
[2021-08-03 20:47:36] <cc7w@foxmail.com> /Index
[2021-08-03 20:47:38] <cc7w@foxmail.com> /Index
[2021-08-03 20:47:39] <cc7w@foxmail.com> /Index
[2021-08-03 20:47:58] <cc7w@foxmail.com> /Index
[2021-08-03 20:47:59] <cc7w@foxmail.com> /Index
[2021-08-03 20:47:59] <cc7w@foxmail.com> /Index
[2021-08-03 20:49:09] <cc7w@foxmail.com> /Index
[2021-08-03 20:49:35] <cc7w@foxmail.com> /Index
[2021-08-03 20:49:37] <cc7w@foxmail.com> /Index
[2021-08-03 20:49:57] <cc7w@foxmail.com> /Index
[2021-08-03 20:50:21] <cc7w@foxmail.com> /Index
[2021-08-03 20:52:34] <cc7w@foxmail.com> /Index
[2021-08-03 20:52:47] <cc7w@foxmail.com> /Index
[2021-08-03 20:54:52] <cc7w@foxmail.com> /Index
[2021-08-03 20:55:18] <cc7w@foxmail.com> /Index
[2021-08-03 21:03:16] <cc7w@foxmail.com> /Index
[2021-08-03 21:03:41] <cc7w@foxmail.com> /Index
[2021-08-03 21:04:08] <cc7w@foxmail.com> /Index
[2021-08-03 21:04:36] <cc7w@foxmail.com> /Index
[2021-08-03 21:07:30] <cc7w@foxmail.com> /Index
[2021-08-03 21:08:12] <cc7w@foxmail.com> /Index
[2021-08-03 21:08:33] <cc7w@foxmail.com> /Index
[2021-08-03 21:08:35] <cc7w@foxmail.com> /Index
[2021-08-03 21:08:37] <cc7w@foxmail.com> /Index
[2021-08-03 21:08:46] <cc7w@foxmail.com> /Index
[2021-08-03 21:08:58] <cc7w@foxmail.com> /Index
[2021-08-03 21:10:45] <cc7w@foxmail.com> /Index
[2021-08-03 21:10:47] <cc7w@foxmail.com> /Index
[2021-08-03 21:10:48] <cc7w@foxmail.com> /Index
[2021-08-03 21:10:49] <cc7w@foxmail.com> /Index
[2021-08-03 21:11:03] <cc7w@foxmail.com> /Search Q(123) Fuzzy(disabled) Page(1)
[2021-08-03 21:11:09] <cc7w@foxmail.com> /Search Q(123) Fuzzy(enabled) Page(1)
[2021-08-03 21:11:12] <cc7w@foxmail.com> /Index
